2025-11-17 14:52:52,651 INFO o.a.j.u.JMeterUtils: Setting Locale to en_EN
2025-11-17 14:52:52,664 INFO o.a.j.JMeter: Loading user properties from: /opt/homebrew/Cellar/jmeter/5.6.3/libexec/bin/user.properties
2025-11-17 14:52:52,664 INFO o.a.j.JMeter: Loading system properties from: /opt/homebrew/Cellar/jmeter/5.6.3/libexec/bin/system.properties
2025-11-17 14:52:52,668 INFO o.a.j.JMeter: Copyright (c) 1998-2024 The Apache Software Foundation
2025-11-17 14:52:52,668 INFO o.a.j.JMeter: Version 5.6.3
2025-11-17 14:52:52,668 INFO o.a.j.JMeter: java.version=21.0.8
2025-11-17 14:52:52,668 INFO o.a.j.JMeter: java.vm.name=OpenJDK 64-Bit Server VM
2025-11-17 14:52:52,668 INFO o.a.j.JMeter: os.name=Mac OS X
2025-11-17 14:52:52,668 INFO o.a.j.JMeter: os.arch=aarch64
2025-11-17 14:52:52,668 INFO o.a.j.JMeter: os.version=26.0.1
2025-11-17 14:52:52,668 INFO o.a.j.JMeter: file.encoding=UTF-8
2025-11-17 14:52:52,668 INFO o.a.j.JMeter: java.awt.headless=null
2025-11-17 14:52:52,668 INFO o.a.j.JMeter: Max memory     =1073741824
2025-11-17 14:52:52,668 INFO o.a.j.JMeter: Available Processors =8
2025-11-17 14:52:52,674 INFO o.a.j.JMeter: Default Locale=English (EN)
2025-11-17 14:52:52,674 INFO o.a.j.JMeter: JMeter  Locale=English (EN)
2025-11-17 14:52:52,674 INFO o.a.j.JMeter: JMeterHome=/opt/homebrew/Cellar/jmeter/5.6.3/libexec
2025-11-17 14:52:52,674 INFO o.a.j.JMeter: user.dir  =/Users/davidduenas/scalable-orders-backend
2025-11-17 14:52:52,674 INFO o.a.j.JMeter: PWD       =/Users/davidduenas/scalable-orders-backend
2025-11-17 14:52:52,677 INFO o.a.j.JMeter: IP: 127.0.0.1 Name: MacBook-Air-de-David.local FullName: localhost
2025-11-17 14:52:52,684 INFO o.a.j.JMeter: Loaded icon properties from org/apache/jmeter/images/icon.properties
2025-11-17 14:52:54,012 INFO o.a.j.JMeterGuiLauncher: Setting LAF to: com.github.weisj.darklaf.DarkLaf:com.github.weisj.darklaf.theme.DarculaTheme
2025-11-17 14:52:55,486 INFO o.a.j.r.ClassFinder: Will scan jar /opt/homebrew/Cellar/jmeter/5.6.3/libexec/lib/ext/jmeter-plugins-manager-1.9.jar with filter ExtendsClassFilter [parents=[interface org.apache.jmeter.gui.action.Command], inner=false, contains=null, notContains=null]. Consider exposing JMeter plugins via META-INF/services, and add JMeter-Skip-Class-Scanning=true manifest attribute so JMeter can skip classfile scanning
2025-11-17 14:52:55,577 INFO o.a.j.r.ClassFinder: Will scan jar /opt/homebrew/Cellar/jmeter/5.6.3/libexec/lib/ext/jmeter-plugins-manager-1.9.jar with filter ExtendsClassFilter [parents=[interface org.apache.jmeter.gui.plugin.MenuCreator], inner=false, contains=null, notContains=null]. Consider exposing JMeter plugins via META-INF/services, and add JMeter-Skip-Class-Scanning=true manifest attribute so JMeter can skip classfile scanning
2025-11-17 14:52:55,646 INFO o.j.r.JARSourceHTTP: Requesting https://jmeter-plugins.org/repo/?installID=docker-4ed0d8f11259a714f28d3a18a8371237-gui
2025-11-17 14:52:57,131 INFO o.j.r.PluginManager: Plugins Status: [jpgc-plugins-manager=1.9, jmeter-core=5.6.3, jmeter-ftp=5.6.3, jmeter-http=5.6.3, jmeter-jdbc=5.6.3, jmeter-jms=5.6.3, jmeter-junit=5.6.3, jmeter-java=5.6.3, jmeter-ldap=5.6.3, jmeter-mail=5.6.3, jmeter-mongodb=5.6.3, jmeter-native=5.6.3, jmeter-tcp=5.6.3, jmeter-components=5.6.3]
2025-11-17 14:52:57,132 INFO o.j.r.PluginManagerMenuItem: Plugins Manager has upgrades: [jpgc-plugins-manager]
2025-11-17 14:58:09,074 INFO o.a.j.s.FileServer: Default base='/Users/davidduenas/scalable-orders-backend'
2025-11-17 14:58:09,078 INFO o.a.j.s.FileServer: Set new base='/Users/davidduenas/scalable-orders-backend'
2025-11-17 14:58:09,199 INFO o.a.j.s.SaveService: Testplan (JMX) version: 2.2. Testlog (JTL) version: 2.2
2025-11-17 14:58:09,204 INFO o.a.j.s.SaveService: Using SaveService properties version 5.0
2025-11-17 14:58:09,205 INFO o.a.j.s.SaveService: Using SaveService properties file encoding UTF-8
2025-11-17 15:00:41,409 INFO o.a.j.p.h.s.HTTPSamplerBase: Parser for text/html is org.apache.jmeter.protocol.http.parser.LagartoBasedHtmlParser
2025-11-17 15:00:41,410 INFO o.a.j.p.h.s.HTTPSamplerBase: Parser for application/xhtml+xml is org.apache.jmeter.protocol.http.parser.LagartoBasedHtmlParser
2025-11-17 15:00:41,410 INFO o.a.j.p.h.s.HTTPSamplerBase: Parser for application/xml is org.apache.jmeter.protocol.http.parser.LagartoBasedHtmlParser
2025-11-17 15:00:41,410 INFO o.a.j.p.h.s.HTTPSamplerBase: Parser for text/xml is org.apache.jmeter.protocol.http.parser.LagartoBasedHtmlParser
2025-11-17 15:00:41,410 INFO o.a.j.p.h.s.HTTPSamplerBase: Parser for text/vnd.wap.wml is org.apache.jmeter.protocol.http.parser.RegexpHTMLParser
2025-11-17 15:00:41,410 INFO o.a.j.p.h.s.HTTPSamplerBase: Parser for text/css is org.apache.jmeter.protocol.http.parser.CssParser
2025-11-17 15:14:50,249 INFO o.a.j.e.StandardJMeterEngine: Running the test!
2025-11-17 15:14:50,251 INFO o.a.j.s.SampleEvent: List of sample_variables: []
2025-11-17 15:14:50,252 INFO o.a.j.s.SampleEvent: List of sample_variables: []
2025-11-17 15:14:50,256 INFO o.a.j.e.u.CompoundVariable: Note: Function class names must contain the string: '.functions.'
2025-11-17 15:14:50,256 INFO o.a.j.e.u.CompoundVariable: Note: Function class names must not contain the string: '.gui.'
2025-11-17 15:14:50,301 INFO o.a.j.r.ClassFinder: Will scan jar /opt/homebrew/Cellar/jmeter/5.6.3/libexec/lib/ext/jmeter-plugins-manager-1.9.jar with filter ExtendsClassFilter [parents=[interface org.apache.jmeter.functions.Function], inner=false, contains=null, notContains=null]. Consider exposing JMeter plugins via META-INF/services, and add JMeter-Skip-Class-Scanning=true manifest attribute so JMeter can skip classfile scanning
2025-11-17 15:14:50,306 INFO o.a.j.g.u.JMeterMenuBar: setRunning(true, *local*)
2025-11-17 15:14:50,365 INFO o.a.j.e.StandardJMeterEngine: Starting ThreadGroup: 1 : TG - Lecturas básicas
2025-11-17 15:14:50,366 INFO o.a.j.e.StandardJMeterEngine: Starting 100 threads for group TG - Lecturas básicas.
2025-11-17 15:14:50,366 INFO o.a.j.e.StandardJMeterEngine: Thread will continue on error
2025-11-17 15:14:50,366 INFO o.a.j.t.ThreadGroup: Starting thread group... number=1 threads=100 ramp-up=30 delayedStart=false
2025-11-17 15:14:50,368 INFO o.a.j.t.JMeterThread: Thread started: TG - Lecturas básicas 1-1
2025-11-17 15:14:50,377 INFO o.a.j.p.h.s.HTTPHCAbstractImpl: Local host = MacBook-Air-de-David.local
2025-11-17 15:14:50,385 INFO o.a.j.p.h.s.HTTPHC4Impl: HTTP request retry count = 0
2025-11-17 15:14:50,385 INFO o.a.j.s.SampleResult: Note: Sample TimeStamps are START times
2025-11-17 15:14:50,386 INFO o.a.j.s.SampleResult: sampleresult.default.encoding is set to UTF-8
2025-11-17 15:14:50,386 INFO o.a.j.s.SampleResult: sampleresult.useNanoTime=true
2025-11-17 15:14:50,386 INFO o.a.j.s.SampleResult: sampleresult.nanoThreadSleep=5000
2025-11-17 15:14:50,390 INFO o.a.j.t.ThreadGroup: Started thread group number 1
2025-11-17 15:14:50,390 INFO o.a.j.e.StandardJMeterEngine: All thread groups have been started
2025-11-17 15:14:50,534 INFO o.a.j.t.JMeterThread: Thread is done: TG - Lecturas básicas 1-1
2025-11-17 15:14:50,534 INFO o.a.j.t.JMeterThread: Thread finished: TG - Lecturas básicas 1-1
2025-11-17 15:14:50,672 INFO o.a.j.t.JMeterThread: Thread started: TG - Lecturas básicas 1-2
2025-11-17 15:14:50,754 INFO o.a.j.t.JMeterThread: Thread is done: TG - Lecturas básicas 1-2
2025-11-17 15:14:50,754 INFO o.a.j.t.JMeterThread: Thread finished: TG - Lecturas básicas 1-2
2025-11-17 15:14:50,972 INFO o.a.j.t.JMeterThread: Thread started: TG - Lecturas básicas 1-3
2025-11-17 15:14:51,047 INFO o.a.j.t.JMeterThread: Thread is done: TG - Lecturas básicas 1-3
2025-11-17 15:14:51,047 INFO o.a.j.t.JMeterThread: Thread finished: TG - Lecturas básicas 1-3
2025-11-17 15:14:51,268 INFO o.a.j.t.JMeterThread: Thread started: TG - Lecturas básicas 1-4
2025-11-17 15:14:51,358 INFO o.a.j.t.JMeterThread: Thread is done: TG - Lecturas básicas 1-4
2025-11-17 15:14:51,358 INFO o.a.j.t.JMeterThread: Thread finished: TG - Lecturas básicas 1-4
2025-11-17 15:14:51,568 INFO o.a.j.t.JMeterThread: Thread started: TG - Lecturas básicas 1-5
2025-11-17 15:14:51,652 INFO o.a.j.t.JMeterThread: Thread is done: TG - Lecturas básicas 1-5
2025-11-17 15:14:51,652 INFO o.a.j.t.JMeterThread: Thread finished: TG - Lecturas básicas 1-5
2025-11-17 15:14:51,870 INFO o.a.j.t.JMeterThread: Thread started: TG - Lecturas básicas 1-6
2025-11-17 15:14:51,959 INFO o.a.j.t.JMeterThread: Thread is done: TG - Lecturas básicas 1-6
2025-11-17 15:14:51,959 INFO o.a.j.t.JMeterThread: Thread finished: TG - Lecturas básicas 1-6
2025-11-17 15:14:52,171 INFO o.a.j.t.JMeterThread: Thread started: TG - Lecturas básicas 1-7
2025-11-17 15:14:52,277 INFO o.a.j.t.JMeterThread: Thread is done: TG - Lecturas básicas 1-7
2025-11-17 15:14:52,277 INFO o.a.j.t.JMeterThread: Thread finished: TG - Lecturas básicas 1-7
2025-11-17 15:14:52,469 INFO o.a.j.t.JMeterThread: Thread started: TG - Lecturas básicas 1-8
2025-11-17 15:14:52,557 INFO o.a.j.t.JMeterThread: Thread is done: TG - Lecturas básicas 1-8
2025-11-17 15:14:52,557 INFO o.a.j.t.JMeterThread: Thread finished: TG - Lecturas básicas 1-8
2025-11-17 15:14:52,769 INFO o.a.j.t.JMeterThread: Thread started: TG - Lecturas básicas 1-9
2025-11-17 15:14:52,855 INFO o.a.j.t.JMeterThread: Thread is done: TG - Lecturas básicas 1-9
2025-11-17 15:14:52,855 INFO o.a.j.t.JMeterThread: Thread finished: TG - Lecturas básicas 1-9
2025-11-17 15:14:53,072 INFO o.a.j.t.JMeterThread: Thread started: TG - Lecturas básicas 1-10
2025-11-17 15:14:53,150 INFO o.a.j.t.JMeterThread: Thread is done: TG - Lecturas básicas 1-10
2025-11-17 15:14:53,150 INFO o.a.j.t.JMeterThread: Thread finished: TG - Lecturas básicas 1-10
2025-11-17 15:14:53,371 INFO o.a.j.t.JMeterThread: Thread started: TG - Lecturas básicas 1-11
2025-11-17 15:14:53,455 INFO o.a.j.t.JMeterThread: Thread is done: TG - Lecturas básicas 1-11
2025-11-17 15:14:53,455 INFO o.a.j.t.JMeterThread: Thread finished: TG - Lecturas básicas 1-11
2025-11-17 15:14:53,670 INFO o.a.j.t.JMeterThread: Thread started: TG - Lecturas básicas 1-12
2025-11-17 15:14:53,754 INFO o.a.j.t.JMeterThread: Thread is done: TG - Lecturas básicas 1-12
2025-11-17 15:14:53,754 INFO o.a.j.t.JMeterThread: Thread finished: TG - Lecturas básicas 1-12
2025-11-17 15:14:53,970 INFO o.a.j.t.JMeterThread: Thread started: TG - Lecturas básicas 1-13
2025-11-17 15:14:54,051 INFO o.a.j.t.JMeterThread: Thread is done: TG - Lecturas básicas 1-13
2025-11-17 15:14:54,051 INFO o.a.j.t.JMeterThread: Thread finished: TG - Lecturas básicas 1-13
2025-11-17 15:14:54,270 INFO o.a.j.t.JMeterThread: Thread started: TG - Lecturas básicas 1-14
2025-11-17 15:14:54,325 INFO o.a.j.t.JMeterThread: Thread is done: TG - Lecturas básicas 1-14
2025-11-17 15:14:54,325 INFO o.a.j.t.JMeterThread: Thread finished: TG - Lecturas básicas 1-14
2025-11-17 15:14:54,571 INFO o.a.j.t.JMeterThread: Thread started: TG - Lecturas básicas 1-15
2025-11-17 15:14:54,661 INFO o.a.j.t.JMeterThread: Thread is done: TG - Lecturas básicas 1-15
2025-11-17 15:14:54,661 INFO o.a.j.t.JMeterThread: Thread finished: TG - Lecturas básicas 1-15
2025-11-17 15:14:54,870 INFO o.a.j.t.JMeterThread: Thread started: TG - Lecturas básicas 1-16
2025-11-17 15:14:54,958 INFO o.a.j.t.JMeterThread: Thread is done: TG - Lecturas básicas 1-16
2025-11-17 15:14:54,959 INFO o.a.j.t.JMeterThread: Thread finished: TG - Lecturas básicas 1-16
2025-11-17 15:14:55,171 INFO o.a.j.t.JMeterThread: Thread started: TG - Lecturas básicas 1-17
2025-11-17 15:14:55,237 INFO o.a.j.t.JMeterThread: Thread is done: TG - Lecturas básicas 1-17
2025-11-17 15:14:55,237 INFO o.a.j.t.JMeterThread: Thread finished: TG - Lecturas básicas 1-17
2025-11-17 15:14:55,471 INFO o.a.j.t.JMeterThread: Thread started: TG - Lecturas básicas 1-18
2025-11-17 15:14:55,558 INFO o.a.j.t.JMeterThread: Thread is done: TG - Lecturas básicas 1-18
2025-11-17 15:14:55,558 INFO o.a.j.t.JMeterThread: Thread finished: TG - Lecturas básicas 1-18
2025-11-17 15:14:55,768 INFO o.a.j.t.JMeterThread: Thread started: TG - Lecturas básicas 1-19
2025-11-17 15:14:55,845 INFO o.a.j.t.JMeterThread: Thread is done: TG - Lecturas básicas 1-19
2025-11-17 15:14:55,845 INFO o.a.j.t.JMeterThread: Thread finished: TG - Lecturas básicas 1-19
2025-11-17 15:14:56,067 INFO o.a.j.t.JMeterThread: Thread started: TG - Lecturas básicas 1-20
2025-11-17 15:14:56,155 INFO o.a.j.t.JMeterThread: Thread is done: TG - Lecturas básicas 1-20
2025-11-17 15:14:56,155 INFO o.a.j.t.JMeterThread: Thread finished: TG - Lecturas básicas 1-20
2025-11-17 15:14:56,367 INFO o.a.j.t.JMeterThread: Thread started: TG - Lecturas básicas 1-21
2025-11-17 15:14:56,450 INFO o.a.j.t.JMeterThread: Thread is done: TG - Lecturas básicas 1-21
2025-11-17 15:14:56,450 INFO o.a.j.t.JMeterThread: Thread finished: TG - Lecturas básicas 1-21
2025-11-17 15:14:56,669 INFO o.a.j.t.JMeterThread: Thread started: TG - Lecturas básicas 1-22
2025-11-17 15:14:56,743 INFO o.a.j.t.JMeterThread: Thread is done: TG - Lecturas básicas 1-22
2025-11-17 15:14:56,743 INFO o.a.j.t.JMeterThread: Thread finished: TG - Lecturas básicas 1-22
2025-11-17 15:14:56,971 INFO o.a.j.t.JMeterThread: Thread started: TG - Lecturas básicas 1-23
2025-11-17 15:14:57,038 INFO o.a.j.t.JMeterThread: Thread is done: TG - Lecturas básicas 1-23
2025-11-17 15:14:57,038 INFO o.a.j.t.JMeterThread: Thread finished: TG - Lecturas básicas 1-23
2025-11-17 15:14:57,273 INFO o.a.j.t.JMeterThread: Thread started: TG - Lecturas básicas 1-24
2025-11-17 15:14:57,334 INFO o.a.j.t.JMeterThread: Thread is done: TG - Lecturas básicas 1-24
2025-11-17 15:14:57,334 INFO o.a.j.t.JMeterThread: Thread finished: TG - Lecturas básicas 1-24
2025-11-17 15:14:57,573 INFO o.a.j.t.JMeterThread: Thread started: TG - Lecturas básicas 1-25
2025-11-17 15:14:57,660 INFO o.a.j.t.JMeterThread: Thread is done: TG - Lecturas básicas 1-25
2025-11-17 15:14:57,660 INFO o.a.j.t.JMeterThread: Thread finished: TG - Lecturas básicas 1-25
2025-11-17 15:14:57,870 INFO o.a.j.t.JMeterThread: Thread started: TG - Lecturas básicas 1-26
2025-11-17 15:14:57,946 INFO o.a.j.t.JMeterThread: Thread is done: TG - Lecturas básicas 1-26
2025-11-17 15:14:57,946 INFO o.a.j.t.JMeterThread: Thread finished: TG - Lecturas básicas 1-26
2025-11-17 15:14:58,171 INFO o.a.j.t.JMeterThread: Thread started: TG - Lecturas básicas 1-27
2025-11-17 15:14:58,255 INFO o.a.j.t.JMeterThread: Thread is done: TG - Lecturas básicas 1-27
2025-11-17 15:14:58,255 INFO o.a.j.t.JMeterThread: Thread finished: TG - Lecturas básicas 1-27
2025-11-17 15:14:58,469 INFO o.a.j.t.JMeterThread: Thread started: TG - Lecturas básicas 1-28
2025-11-17 15:14:58,554 INFO o.a.j.t.JMeterThread: Thread is done: TG - Lecturas básicas 1-28
2025-11-17 15:14:58,554 INFO o.a.j.t.JMeterThread: Thread finished: TG - Lecturas básicas 1-28
2025-11-17 15:14:58,767 INFO o.a.j.t.JMeterThread: Thread started: TG - Lecturas básicas 1-29
2025-11-17 15:14:58,854 INFO o.a.j.t.JMeterThread: Thread is done: TG - Lecturas básicas 1-29
2025-11-17 15:14:58,854 INFO o.a.j.t.JMeterThread: Thread finished: TG - Lecturas básicas 1-29
2025-11-17 15:14:59,073 INFO o.a.j.t.JMeterThread: Thread started: TG - Lecturas básicas 1-30
2025-11-17 15:14:59,146 INFO o.a.j.t.JMeterThread: Thread is done: TG - Lecturas básicas 1-30
2025-11-17 15:14:59,146 INFO o.a.j.t.JMeterThread: Thread finished: TG - Lecturas básicas 1-30
2025-11-17 15:14:59,369 INFO o.a.j.t.JMeterThread: Thread started: TG - Lecturas básicas 1-31
2025-11-17 15:14:59,452 INFO o.a.j.t.JMeterThread: Thread is done: TG - Lecturas básicas 1-31
2025-11-17 15:14:59,453 INFO o.a.j.t.JMeterThread: Thread finished: TG - Lecturas básicas 1-31
2025-11-17 15:14:59,667 INFO o.a.j.t.JMeterThread: Thread started: TG - Lecturas básicas 1-32
2025-11-17 15:14:59,754 INFO o.a.j.t.JMeterThread: Thread is done: TG - Lecturas básicas 1-32
2025-11-17 15:14:59,754 INFO o.a.j.t.JMeterThread: Thread finished: TG - Lecturas básicas 1-32
2025-11-17 15:14:59,969 INFO o.a.j.t.JMeterThread: Thread started: TG - Lecturas básicas 1-33
2025-11-17 15:15:00,053 INFO o.a.j.t.JMeterThread: Thread is done: TG - Lecturas básicas 1-33
2025-11-17 15:15:00,053 INFO o.a.j.t.JMeterThread: Thread finished: TG - Lecturas básicas 1-33
2025-11-17 15:15:00,266 INFO o.a.j.t.JMeterThread: Thread started: TG - Lecturas básicas 1-34
2025-11-17 15:15:00,351 INFO o.a.j.t.JMeterThread: Thread is done: TG - Lecturas básicas 1-34
2025-11-17 15:15:00,351 INFO o.a.j.t.JMeterThread: Thread finished: TG - Lecturas básicas 1-34
2025-11-17 15:15:00,571 INFO o.a.j.t.JMeterThread: Thread started: TG - Lecturas básicas 1-35
2025-11-17 15:15:00,658 INFO o.a.j.t.JMeterThread: Thread is done: TG - Lecturas básicas 1-35
2025-11-17 15:15:00,658 INFO o.a.j.t.JMeterThread: Thread finished: TG - Lecturas básicas 1-35
2025-11-17 15:15:00,868 INFO o.a.j.t.JMeterThread: Thread started: TG - Lecturas básicas 1-36
2025-11-17 15:15:00,959 INFO o.a.j.t.JMeterThread: Thread is done: TG - Lecturas básicas 1-36
2025-11-17 15:15:00,959 INFO o.a.j.t.JMeterThread: Thread finished: TG - Lecturas básicas 1-36
2025-11-17 15:15:01,171 INFO o.a.j.t.JMeterThread: Thread started: TG - Lecturas básicas 1-37
2025-11-17 15:15:01,244 INFO o.a.j.t.JMeterThread: Thread is done: TG - Lecturas básicas 1-37
2025-11-17 15:15:01,244 INFO o.a.j.t.JMeterThread: Thread finished: TG - Lecturas básicas 1-37
2025-11-17 15:15:01,466 INFO o.a.j.t.JMeterThread: Thread started: TG - Lecturas básicas 1-38
2025-11-17 15:15:01,556 INFO o.a.j.t.JMeterThread: Thread is done: TG - Lecturas básicas 1-38
2025-11-17 15:15:01,557 INFO o.a.j.t.JMeterThread: Thread finished: TG - Lecturas básicas 1-38
2025-11-17 15:15:01,766 INFO o.a.j.t.JMeterThread: Thread started: TG - Lecturas básicas 1-39
2025-11-17 15:15:01,831 INFO o.a.j.t.JMeterThread: Thread is done: TG - Lecturas básicas 1-39
2025-11-17 15:15:01,832 INFO o.a.j.t.JMeterThread: Thread finished: TG - Lecturas básicas 1-39
2025-11-17 15:15:02,071 INFO o.a.j.t.JMeterThread: Thread started: TG - Lecturas básicas 1-40
2025-11-17 15:15:02,118 INFO o.a.j.t.JMeterThread: Thread is done: TG - Lecturas básicas 1-40
2025-11-17 15:15:02,118 INFO o.a.j.t.JMeterThread: Thread finished: TG - Lecturas básicas 1-40
2025-11-17 15:15:02,371 INFO o.a.j.t.JMeterThread: Thread started: TG - Lecturas básicas 1-41
2025-11-17 15:15:02,448 INFO o.a.j.t.JMeterThread: Thread is done: TG - Lecturas básicas 1-41
2025-11-17 15:15:02,449 INFO o.a.j.t.JMeterThread: Thread finished: TG - Lecturas básicas 1-41
2025-11-17 15:15:02,671 INFO o.a.j.t.JMeterThread: Thread started: TG - Lecturas básicas 1-42
2025-11-17 15:15:02,760 INFO o.a.j.t.JMeterThread: Thread is done: TG - Lecturas básicas 1-42
2025-11-17 15:15:02,760 INFO o.a.j.t.JMeterThread: Thread finished: TG - Lecturas básicas 1-42
2025-11-17 15:15:02,971 INFO o.a.j.t.JMeterThread: Thread started: TG - Lecturas básicas 1-43
2025-11-17 15:15:03,057 INFO o.a.j.t.JMeterThread: Thread is done: TG - Lecturas básicas 1-43
2025-11-17 15:15:03,057 INFO o.a.j.t.JMeterThread: Thread finished: TG - Lecturas básicas 1-43
2025-11-17 15:15:03,269 INFO o.a.j.t.JMeterThread: Thread started: TG - Lecturas básicas 1-44
2025-11-17 15:15:03,349 INFO o.a.j.t.JMeterThread: Thread is done: TG - Lecturas básicas 1-44
2025-11-17 15:15:03,349 INFO o.a.j.t.JMeterThread: Thread finished: TG - Lecturas básicas 1-44
2025-11-17 15:15:03,571 INFO o.a.j.t.JMeterThread: Thread started: TG - Lecturas básicas 1-45
2025-11-17 15:15:03,661 INFO o.a.j.t.JMeterThread: Thread is done: TG - Lecturas básicas 1-45
2025-11-17 15:15:03,661 INFO o.a.j.t.JMeterThread: Thread finished: TG - Lecturas básicas 1-45
2025-11-17 15:15:03,868 INFO o.a.j.t.JMeterThread: Thread started: TG - Lecturas básicas 1-46
2025-11-17 15:15:03,962 INFO o.a.j.t.JMeterThread: Thread is done: TG - Lecturas básicas 1-46
2025-11-17 15:15:03,962 INFO o.a.j.t.JMeterThread: Thread finished: TG - Lecturas básicas 1-46
2025-11-17 15:15:04,170 INFO o.a.j.t.JMeterThread: Thread started: TG - Lecturas básicas 1-47
2025-11-17 15:15:04,265 INFO o.a.j.t.JMeterThread: Thread is done: TG - Lecturas básicas 1-47
2025-11-17 15:15:04,265 INFO o.a.j.t.JMeterThread: Thread finished: TG - Lecturas básicas 1-47
2025-11-17 15:15:04,469 INFO o.a.j.t.JMeterThread: Thread started: TG - Lecturas básicas 1-48
2025-11-17 15:15:04,554 INFO o.a.j.t.JMeterThread: Thread is done: TG - Lecturas básicas 1-48
2025-11-17 15:15:04,554 INFO o.a.j.t.JMeterThread: Thread finished: TG - Lecturas básicas 1-48
2025-11-17 15:15:04,772 INFO o.a.j.t.JMeterThread: Thread started: TG - Lecturas básicas 1-49
2025-11-17 15:15:04,853 INFO o.a.j.t.JMeterThread: Thread is done: TG - Lecturas básicas 1-49
2025-11-17 15:15:04,853 INFO o.a.j.t.JMeterThread: Thread finished: TG - Lecturas básicas 1-49
2025-11-17 15:15:05,071 INFO o.a.j.t.JMeterThread: Thread started: TG - Lecturas básicas 1-50
2025-11-17 15:15:05,149 INFO o.a.j.t.JMeterThread: Thread is done: TG - Lecturas básicas 1-50
2025-11-17 15:15:05,149 INFO o.a.j.t.JMeterThread: Thread finished: TG - Lecturas básicas 1-50
2025-11-17 15:15:05,370 INFO o.a.j.t.JMeterThread: Thread started: TG - Lecturas básicas 1-51
2025-11-17 15:15:05,459 INFO o.a.j.t.JMeterThread: Thread is done: TG - Lecturas básicas 1-51
2025-11-17 15:15:05,459 INFO o.a.j.t.JMeterThread: Thread finished: TG - Lecturas básicas 1-51
2025-11-17 15:15:05,671 INFO o.a.j.t.JMeterThread: Thread started: TG - Lecturas básicas 1-52
2025-11-17 15:15:05,759 INFO o.a.j.t.JMeterThread: Thread is done: TG - Lecturas básicas 1-52
2025-11-17 15:15:05,759 INFO o.a.j.t.JMeterThread: Thread finished: TG - Lecturas básicas 1-52
2025-11-17 15:15:05,972 INFO o.a.j.t.JMeterThread: Thread started: TG - Lecturas básicas 1-53
2025-11-17 15:15:06,061 INFO o.a.j.t.JMeterThread: Thread is done: TG - Lecturas básicas 1-53
2025-11-17 15:15:06,061 INFO o.a.j.t.JMeterThread: Thread finished: TG - Lecturas básicas 1-53
2025-11-17 15:15:06,269 INFO o.a.j.t.JMeterThread: Thread started: TG - Lecturas básicas 1-54
2025-11-17 15:15:06,354 INFO o.a.j.t.JMeterThread: Thread is done: TG - Lecturas básicas 1-54
2025-11-17 15:15:06,354 INFO o.a.j.t.JMeterThread: Thread finished: TG - Lecturas básicas 1-54
2025-11-17 15:15:06,572 INFO o.a.j.t.JMeterThread: Thread started: TG - Lecturas básicas 1-55
2025-11-17 15:15:06,660 INFO o.a.j.t.JMeterThread: Thread is done: TG - Lecturas básicas 1-55
2025-11-17 15:15:06,660 INFO o.a.j.t.JMeterThread: Thread finished: TG - Lecturas básicas 1-55
2025-11-17 15:15:06,871 INFO o.a.j.t.JMeterThread: Thread started: TG - Lecturas básicas 1-56
2025-11-17 15:15:06,966 INFO o.a.j.t.JMeterThread: Thread is done: TG - Lecturas básicas 1-56
2025-11-17 15:15:06,966 INFO o.a.j.t.JMeterThread: Thread finished: TG - Lecturas básicas 1-56
2025-11-17 15:15:07,168 INFO o.a.j.t.JMeterThread: Thread started: TG - Lecturas básicas 1-57
2025-11-17 15:15:07,240 INFO o.a.j.t.JMeterThread: Thread is done: TG - Lecturas básicas 1-57
2025-11-17 15:15:07,240 INFO o.a.j.t.JMeterThread: Thread finished: TG - Lecturas básicas 1-57
2025-11-17 15:15:07,473 INFO o.a.j.t.JMeterThread: Thread started: TG - Lecturas básicas 1-58
2025-11-17 15:15:07,559 INFO o.a.j.t.JMeterThread: Thread is done: TG - Lecturas básicas 1-58
2025-11-17 15:15:07,560 INFO o.a.j.t.JMeterThread: Thread finished: TG - Lecturas básicas 1-58
2025-11-17 15:15:07,771 INFO o.a.j.t.JMeterThread: Thread started: TG - Lecturas básicas 1-59
2025-11-17 15:15:07,853 INFO o.a.j.t.JMeterThread: Thread is done: TG - Lecturas básicas 1-59
2025-11-17 15:15:07,853 INFO o.a.j.t.JMeterThread: Thread finished: TG - Lecturas básicas 1-59
2025-11-17 15:15:08,070 INFO o.a.j.t.JMeterThread: Thread started: TG - Lecturas básicas 1-60
2025-11-17 15:15:08,134 INFO o.a.j.t.JMeterThread: Thread is done: TG - Lecturas básicas 1-60
2025-11-17 15:15:08,134 INFO o.a.j.t.JMeterThread: Thread finished: TG - Lecturas básicas 1-60
2025-11-17 15:15:08,366 INFO o.a.j.t.JMeterThread: Thread started: TG - Lecturas básicas 1-61
2025-11-17 15:15:08,449 INFO o.a.j.t.JMeterThread: Thread is done: TG - Lecturas básicas 1-61
2025-11-17 15:15:08,449 INFO o.a.j.t.JMeterThread: Thread finished: TG - Lecturas básicas 1-61
2025-11-17 15:15:08,667 INFO o.a.j.t.JMeterThread: Thread started: TG - Lecturas básicas 1-62
2025-11-17 15:15:08,750 INFO o.a.j.t.JMeterThread: Thread is done: TG - Lecturas básicas 1-62
2025-11-17 15:15:08,751 INFO o.a.j.t.JMeterThread: Thread finished: TG - Lecturas básicas 1-62
2025-11-17 15:15:08,972 INFO o.a.j.t.JMeterThread: Thread started: TG - Lecturas básicas 1-63
2025-11-17 15:15:09,062 INFO o.a.j.t.JMeterThread: Thread is done: TG - Lecturas básicas 1-63
2025-11-17 15:15:09,062 INFO o.a.j.t.JMeterThread: Thread finished: TG - Lecturas básicas 1-63
2025-11-17 15:15:09,269 INFO o.a.j.t.JMeterThread: Thread started: TG - Lecturas básicas 1-64
2025-11-17 15:15:09,361 INFO o.a.j.t.JMeterThread: Thread is done: TG - Lecturas básicas 1-64
2025-11-17 15:15:09,361 INFO o.a.j.t.JMeterThread: Thread finished: TG - Lecturas básicas 1-64
2025-11-17 15:15:09,567 INFO o.a.j.t.JMeterThread: Thread started: TG - Lecturas básicas 1-65
2025-11-17 15:15:09,652 INFO o.a.j.t.JMeterThread: Thread is done: TG - Lecturas básicas 1-65
2025-11-17 15:15:09,653 INFO o.a.j.t.JMeterThread: Thread finished: TG - Lecturas básicas 1-65
2025-11-17 15:15:09,868 INFO o.a.j.t.JMeterThread: Thread started: TG - Lecturas básicas 1-66
2025-11-17 15:15:09,943 INFO o.a.j.t.JMeterThread: Thread is done: TG - Lecturas básicas 1-66
2025-11-17 15:15:09,943 INFO o.a.j.t.JMeterThread: Thread finished: TG - Lecturas básicas 1-66
2025-11-17 15:15:10,168 INFO o.a.j.t.JMeterThread: Thread started: TG - Lecturas básicas 1-67
2025-11-17 15:15:10,241 INFO o.a.j.t.JMeterThread: Thread is done: TG - Lecturas básicas 1-67
2025-11-17 15:15:10,242 INFO o.a.j.t.JMeterThread: Thread finished: TG - Lecturas básicas 1-67
2025-11-17 15:15:10,470 INFO o.a.j.t.JMeterThread: Thread started: TG - Lecturas básicas 1-68
2025-11-17 15:15:10,554 INFO o.a.j.t.JMeterThread: Thread is done: TG - Lecturas básicas 1-68
2025-11-17 15:15:10,554 INFO o.a.j.t.JMeterThread: Thread finished: TG - Lecturas básicas 1-68
2025-11-17 15:15:10,768 INFO o.a.j.t.JMeterThread: Thread started: TG - Lecturas básicas 1-69
2025-11-17 15:15:10,859 INFO o.a.j.t.JMeterThread: Thread is done: TG - Lecturas básicas 1-69
2025-11-17 15:15:10,859 INFO o.a.j.t.JMeterThread: Thread finished: TG - Lecturas básicas 1-69
2025-11-17 15:15:11,068 INFO o.a.j.t.JMeterThread: Thread started: TG - Lecturas básicas 1-70
2025-11-17 15:15:11,149 INFO o.a.j.t.JMeterThread: Thread is done: TG - Lecturas básicas 1-70
2025-11-17 15:15:11,149 INFO o.a.j.t.JMeterThread: Thread finished: TG - Lecturas básicas 1-70
2025-11-17 15:15:11,371 INFO o.a.j.t.JMeterThread: Thread started: TG - Lecturas básicas 1-71
2025-11-17 15:15:11,455 INFO o.a.j.t.JMeterThread: Thread is done: TG - Lecturas básicas 1-71
2025-11-17 15:15:11,455 INFO o.a.j.t.JMeterThread: Thread finished: TG - Lecturas básicas 1-71
2025-11-17 15:15:11,670 INFO o.a.j.t.JMeterThread: Thread started: TG - Lecturas básicas 1-72
2025-11-17 15:15:11,758 INFO o.a.j.t.JMeterThread: Thread is done: TG - Lecturas básicas 1-72
2025-11-17 15:15:11,758 INFO o.a.j.t.JMeterThread: Thread finished: TG - Lecturas básicas 1-72
2025-11-17 15:15:11,969 INFO o.a.j.t.JMeterThread: Thread started: TG - Lecturas básicas 1-73
2025-11-17 15:15:12,056 INFO o.a.j.t.JMeterThread: Thread is done: TG - Lecturas básicas 1-73
2025-11-17 15:15:12,056 INFO o.a.j.t.JMeterThread: Thread finished: TG - Lecturas básicas 1-73
2025-11-17 15:15:12,271 INFO o.a.j.t.JMeterThread: Thread started: TG - Lecturas básicas 1-74
2025-11-17 15:15:12,357 INFO o.a.j.t.JMeterThread: Thread is done: TG - Lecturas básicas 1-74
2025-11-17 15:15:12,357 INFO o.a.j.t.JMeterThread: Thread finished: TG - Lecturas básicas 1-74
2025-11-17 15:15:12,571 INFO o.a.j.t.JMeterThread: Thread started: TG - Lecturas básicas 1-75
2025-11-17 15:15:12,648 INFO o.a.j.t.JMeterThread: Thread is done: TG - Lecturas básicas 1-75
2025-11-17 15:15:12,648 INFO o.a.j.t.JMeterThread: Thread finished: TG - Lecturas básicas 1-75
2025-11-17 15:15:12,871 INFO o.a.j.t.JMeterThread: Thread started: TG - Lecturas básicas 1-76
2025-11-17 15:15:12,963 INFO o.a.j.t.JMeterThread: Thread is done: TG - Lecturas básicas 1-76
2025-11-17 15:15:12,963 INFO o.a.j.t.JMeterThread: Thread finished: TG - Lecturas básicas 1-76
2025-11-17 15:15:13,167 INFO o.a.j.t.JMeterThread: Thread started: TG - Lecturas básicas 1-77
2025-11-17 15:15:13,249 INFO o.a.j.t.JMeterThread: Thread is done: TG - Lecturas básicas 1-77
2025-11-17 15:15:13,249 INFO o.a.j.t.JMeterThread: Thread finished: TG - Lecturas básicas 1-77
2025-11-17 15:15:13,469 INFO o.a.j.t.JMeterThread: Thread started: TG - Lecturas básicas 1-78
2025-11-17 15:15:13,552 INFO o.a.j.t.JMeterThread: Thread is done: TG - Lecturas básicas 1-78
2025-11-17 15:15:13,553 INFO o.a.j.t.JMeterThread: Thread finished: TG - Lecturas básicas 1-78
2025-11-17 15:15:13,771 INFO o.a.j.t.JMeterThread: Thread started: TG - Lecturas básicas 1-79
2025-11-17 15:15:13,863 INFO o.a.j.t.JMeterThread: Thread is done: TG - Lecturas básicas 1-79
2025-11-17 15:15:13,864 INFO o.a.j.t.JMeterThread: Thread finished: TG - Lecturas básicas 1-79
2025-11-17 15:15:14,071 INFO o.a.j.t.JMeterThread: Thread started: TG - Lecturas básicas 1-80
2025-11-17 15:15:14,155 INFO o.a.j.t.JMeterThread: Thread is done: TG - Lecturas básicas 1-80
2025-11-17 15:15:14,155 INFO o.a.j.t.JMeterThread: Thread finished: TG - Lecturas básicas 1-80
2025-11-17 15:15:14,367 INFO o.a.j.t.JMeterThread: Thread started: TG - Lecturas básicas 1-81
2025-11-17 15:15:14,451 INFO o.a.j.t.JMeterThread: Thread is done: TG - Lecturas básicas 1-81
2025-11-17 15:15:14,452 INFO o.a.j.t.JMeterThread: Thread finished: TG - Lecturas básicas 1-81
2025-11-17 15:15:14,669 INFO o.a.j.t.JMeterThread: Thread started: TG - Lecturas básicas 1-82
2025-11-17 15:15:14,756 INFO o.a.j.t.JMeterThread: Thread is done: TG - Lecturas básicas 1-82
2025-11-17 15:15:14,756 INFO o.a.j.t.JMeterThread: Thread finished: TG - Lecturas básicas 1-82
2025-11-17 15:15:14,972 INFO o.a.j.t.JMeterThread: Thread started: TG - Lecturas básicas 1-83
2025-11-17 15:15:15,065 INFO o.a.j.t.JMeterThread: Thread is done: TG - Lecturas básicas 1-83
2025-11-17 15:15:15,065 INFO o.a.j.t.JMeterThread: Thread finished: TG - Lecturas básicas 1-83
2025-11-17 15:15:15,270 INFO o.a.j.t.JMeterThread: Thread started: TG - Lecturas básicas 1-84
2025-11-17 15:15:15,355 INFO o.a.j.t.JMeterThread: Thread is done: TG - Lecturas básicas 1-84
2025-11-17 15:15:15,355 INFO o.a.j.t.JMeterThread: Thread finished: TG - Lecturas básicas 1-84
2025-11-17 15:15:15,567 INFO o.a.j.t.JMeterThread: Thread started: TG - Lecturas básicas 1-85
2025-11-17 15:15:15,655 INFO o.a.j.t.JMeterThread: Thread is done: TG - Lecturas básicas 1-85
2025-11-17 15:15:15,656 INFO o.a.j.t.JMeterThread: Thread finished: TG - Lecturas básicas 1-85
2025-11-17 15:15:15,869 INFO o.a.j.t.JMeterThread: Thread started: TG - Lecturas básicas 1-86
2025-11-17 15:15:15,956 INFO o.a.j.t.JMeterThread: Thread is done: TG - Lecturas básicas 1-86
2025-11-17 15:15:15,956 INFO o.a.j.t.JMeterThread: Thread finished: TG - Lecturas básicas 1-86
2025-11-17 15:15:16,168 INFO o.a.j.t.JMeterThread: Thread started: TG - Lecturas básicas 1-87
2025-11-17 15:15:16,252 INFO o.a.j.t.JMeterThread: Thread is done: TG - Lecturas básicas 1-87
2025-11-17 15:15:16,252 INFO o.a.j.t.JMeterThread: Thread finished: TG - Lecturas básicas 1-87
2025-11-17 15:15:16,466 INFO o.a.j.t.JMeterThread: Thread started: TG - Lecturas básicas 1-88
2025-11-17 15:15:16,527 INFO o.a.j.t.JMeterThread: Thread is done: TG - Lecturas básicas 1-88
2025-11-17 15:15:16,527 INFO o.a.j.t.JMeterThread: Thread finished: TG - Lecturas básicas 1-88
2025-11-17 15:15:16,771 INFO o.a.j.t.JMeterThread: Thread started: TG - Lecturas básicas 1-89
2025-11-17 15:15:16,858 INFO o.a.j.t.JMeterThread: Thread is done: TG - Lecturas básicas 1-89
2025-11-17 15:15:16,858 INFO o.a.j.t.JMeterThread: Thread finished: TG - Lecturas básicas 1-89
2025-11-17 15:15:17,070 INFO o.a.j.t.JMeterThread: Thread started: TG - Lecturas básicas 1-90
2025-11-17 15:15:17,145 INFO o.a.j.t.JMeterThread: Thread is done: TG - Lecturas básicas 1-90
2025-11-17 15:15:17,145 INFO o.a.j.t.JMeterThread: Thread finished: TG - Lecturas básicas 1-90
2025-11-17 15:15:17,367 INFO o.a.j.t.JMeterThread: Thread started: TG - Lecturas básicas 1-91
2025-11-17 15:15:17,450 INFO o.a.j.t.JMeterThread: Thread is done: TG - Lecturas básicas 1-91
2025-11-17 15:15:17,450 INFO o.a.j.t.JMeterThread: Thread finished: TG - Lecturas básicas 1-91
2025-11-17 15:15:17,670 INFO o.a.j.t.JMeterThread: Thread started: TG - Lecturas básicas 1-92
2025-11-17 15:15:17,756 INFO o.a.j.t.JMeterThread: Thread is done: TG - Lecturas básicas 1-92
2025-11-17 15:15:17,756 INFO o.a.j.t.JMeterThread: Thread finished: TG - Lecturas básicas 1-92
2025-11-17 15:15:17,972 INFO o.a.j.t.JMeterThread: Thread started: TG - Lecturas básicas 1-93
2025-11-17 15:15:18,061 INFO o.a.j.t.JMeterThread: Thread is done: TG - Lecturas básicas 1-93
2025-11-17 15:15:18,061 INFO o.a.j.t.JMeterThread: Thread finished: TG - Lecturas básicas 1-93
2025-11-17 15:15:18,268 INFO o.a.j.t.JMeterThread: Thread started: TG - Lecturas básicas 1-94
2025-11-17 15:15:18,348 INFO o.a.j.t.JMeterThread: Thread is done: TG - Lecturas básicas 1-94
2025-11-17 15:15:18,348 INFO o.a.j.t.JMeterThread: Thread finished: TG - Lecturas básicas 1-94
2025-11-17 15:15:18,572 INFO o.a.j.t.JMeterThread: Thread started: TG - Lecturas básicas 1-95
2025-11-17 15:15:18,639 INFO o.a.j.t.JMeterThread: Thread is done: TG - Lecturas básicas 1-95
2025-11-17 15:15:18,639 INFO o.a.j.t.JMeterThread: Thread finished: TG - Lecturas básicas 1-95
2025-11-17 15:15:18,869 INFO o.a.j.t.JMeterThread: Thread started: TG - Lecturas básicas 1-96
2025-11-17 15:15:18,953 INFO o.a.j.t.JMeterThread: Thread is done: TG - Lecturas básicas 1-96
2025-11-17 15:15:18,953 INFO o.a.j.t.JMeterThread: Thread finished: TG - Lecturas básicas 1-96
2025-11-17 15:15:19,170 INFO o.a.j.t.JMeterThread: Thread started: TG - Lecturas básicas 1-97
2025-11-17 15:15:19,254 INFO o.a.j.t.JMeterThread: Thread is done: TG - Lecturas básicas 1-97
2025-11-17 15:15:19,255 INFO o.a.j.t.JMeterThread: Thread finished: TG - Lecturas básicas 1-97
2025-11-17 15:15:19,470 INFO o.a.j.t.JMeterThread: Thread started: TG - Lecturas básicas 1-98
2025-11-17 15:15:19,556 INFO o.a.j.t.JMeterThread: Thread is done: TG - Lecturas básicas 1-98
2025-11-17 15:15:19,556 INFO o.a.j.t.JMeterThread: Thread finished: TG - Lecturas básicas 1-98
2025-11-17 15:15:19,771 INFO o.a.j.t.JMeterThread: Thread started: TG - Lecturas básicas 1-99
2025-11-17 15:15:19,858 INFO o.a.j.t.JMeterThread: Thread is done: TG - Lecturas básicas 1-99
2025-11-17 15:15:19,858 INFO o.a.j.t.JMeterThread: Thread finished: TG - Lecturas básicas 1-99
2025-11-17 15:15:20,072 INFO o.a.j.t.JMeterThread: Thread started: TG - Lecturas básicas 1-100
2025-11-17 15:15:20,156 INFO o.a.j.t.JMeterThread: Thread is done: TG - Lecturas básicas 1-100
2025-11-17 15:15:20,156 INFO o.a.j.t.JMeterThread: Thread finished: TG - Lecturas básicas 1-100
2025-11-17 15:15:20,156 INFO o.a.j.e.StandardJMeterEngine: Notifying test listeners of end of test
2025-11-17 15:15:20,156 INFO o.a.j.g.u.JMeterMenuBar: setRunning(false, *local*)
